Arguments: 
  /Users/jorgejimenez/.nvm/versions/node/v18.12.1/bin/node /Users/jorgejimenez/.nvm/versions/node/v18.12.1/bin/yarn add sols

PATH: 
  /usr/local/opt/libpq/bin:/usr/local/opt/libp/usr/local/opt/libpq/bin:/usr/local/opt/libpq/bin:/Users/jorgejimenez/.nvm/versions/node/v18.12.1/bin:/usr/local/bin:/usr/bin:/bin:/usr/sbin:/sbin:/usr/local/go/bin:/Library/Apple/usr/bin:/usr/local/opt/libpq/bin:/usr/local/opt/libp/usr/local/opt/libpq/bin:/Users/jorgejimenez/.nvm/versions/node/v18.12.1/bin

Yarn version: 
  1.22.19

Node version: 
  18.12.1

Platform: 
  darwin x64

Trace: 
  Error: https://registry.yarnpkg.com/sols: Not found
      at params.callback [as _callback] (/Users/jorgejimenez/.nvm/versions/node/v18.12.1/lib/node_modules/yarn/lib/cli.js:66145:18)
      at self.callback (/Users/jorgejimenez/.nvm/versions/node/v18.12.1/lib/node_modules/yarn/lib/cli.js:140890:22)
      at Request.emit (node:events:513:28)
      at Request.<anonymous> (/Users/jorgejimenez/.nvm/versions/node/v18.12.1/lib/node_modules/yarn/lib/cli.js:141862:10)
      at Request.emit (node:events:513:28)
      at IncomingMessage.<anonymous> (/Users/jorgejimenez/.nvm/versions/node/v18.12.1/lib/node_modules/yarn/lib/cli.js:141784:12)
      at Object.onceWrapper (node:events:627:28)
      at IncomingMessage.emit (node:events:525:35)
      at endReadableNT (node:internal/streams/readable:1359:12)
      at process.processTicksAndRejections (node:internal/process/task_queues:82:21)

npm manifest: 
  {
    "name": "server",
    "version": "1.0.0",
    "main": "index.js",
    "license": "MIT",
    "dependencies": {
      "epress": "^0.0.1-security"
    }
  }

yarn manifest: 
  No manifest

Lockfile: 
  # THIS IS AN AUTOGENERATED FILE. DO NOT EDIT THIS FILE DIRECTLY.
  # yarn lockfile v1
  
  
  epress@^0.0.1-security:
    version "0.0.1-security"
    resolved "https://registry.yarnpkg.com/epress/-/epress-0.0.1-security.tgz#8a44c252fa19b1d4c9704a00792639b0ae1e97bd"
    integrity sha512-/REk6cExLsDmL7S4dXf6SHaZl4e+9ZzoGAH6KEETT9lzZyBr4PnFLvHFc0WGb+vXzIOqySHSigzP+iSD+IDUYw==
